<?xml version="1.0" encoding="UTF-8"?>
<!-- Generated by org.testng.reporters.JUnitReportReporter -->
<testsuite hostname="DESKTOP-KMN6TAK" failures="0" tests="1" name="service.UserServiceTest" time="0.017" errors="0" timestamp="2022-06-03T10:07:09 ICT" skipped="0">
  <testcase classname="service.UserServiceTest" name="testCreateUser_WhenDetailIsProvide_ReturnUserObject" time="0.017"/>
  <system-out/>
</testsuite> <!-- service.UserServiceTest -->
